C:\Program Files (x86)\Microsoft Visual Studio\2019\Community\MSBuild\Microsoft\VC\v160\Microsoft.CppBuild.targets(491,5): warning MSB8028: The intermediate directory (Debug\) contains files shared from another project (04-Collision.vcxproj).  This can lead to incorrect clean and rebuild behavior.
  Brick.cpp
C:\Users\admin\Desktop\GameConvert\game_mario\04-Collision\TimerCustom.h(18,54): warning C4018: '>=': signed/unsigned mismatch
  BrickBlink.cpp
C:\Users\admin\Desktop\GameConvert\game_mario\04-Collision\TimerCustom.h(18,54): warning C4018: '>=': signed/unsigned mismatch
  Brick_Coin.cpp
C:\Users\admin\Desktop\GameConvert\game_mario\04-Collision\TimerCustom.h(18,54): warning C4018: '>=': signed/unsigned mismatch
  C:\Program Files (x86)\Microsoft DirectX SDK (June 2010)\Include\dinput.h: DIRECTINPUT_VERSION undefined. Defaulting to version 0x0800
  Coin.cpp
C:\Users\admin\Desktop\GameConvert\game_mario\04-Collision\TimerCustom.h(18,54): warning C4018: '>=': signed/unsigned mismatch
  CoinFly.cpp
C:\Users\admin\Desktop\GameConvert\game_mario\04-Collision\TimerCustom.h(18,54): warning C4018: '>=': signed/unsigned mismatch
  ConCo.cpp
C:\Users\admin\Desktop\GameConvert\game_mario\04-Collision\TimerCustom.h(18,54): warning C4018: '>=': signed/unsigned mismatch
C:\Users\admin\Desktop\GameConvert\game_mario\04-Collision\ConCo.cpp(28,18): warning C4244: '+=': conversion from 'double' to 'float', possible loss of data
  debug.cpp
  FirePlant.cpp
C:\Users\admin\Desktop\GameConvert\game_mario\04-Collision\TimerCustom.h(18,54): warning C4018: '>=': signed/unsigned mismatch
  Flatform.cpp
C:\Users\admin\Desktop\GameConvert\game_mario\04-Collision\TimerCustom.h(18,54): warning C4018: '>=': signed/unsigned mismatch
  Game.cpp
C:\Users\admin\Desktop\GameConvert\game_mario\04-Collision\Game.cpp(60,39): warning C4244: 'argument': conversion from 'double' to 'FLOAT', possible loss of data
C:\Users\admin\Desktop\GameConvert\game_mario\04-Collision\Game.cpp(60,21): warning C4244: 'argument': conversion from 'double' to 'FLOAT', possible loss of data
C:\Users\admin\Desktop\GameConvert\game_mario\04-Collision\Game.cpp(274,26): warning C4305: '=': truncation from '__int64' to 'float'
C:\Users\admin\Desktop\GameConvert\game_mario\04-Collision\Game.cpp(275,24): warning C4305: '=': truncation from '__int64' to 'float'
C:\Users\admin\Desktop\GameConvert\game_mario\04-Collision\Game.cpp(285,26): warning C4305: '=': truncation from '__int64' to 'float'
C:\Users\admin\Desktop\GameConvert\game_mario\04-Collision\Game.cpp(286,24): warning C4305: '=': truncation from '__int64' to 'float'
  GameObject.cpp
C:\Users\admin\Desktop\GameConvert\game_mario\04-Collision\TimerCustom.h(18,54): warning C4018: '>=': signed/unsigned mismatch
  Goomba.cpp
C:\Users\admin\Desktop\GameConvert\game_mario\04-Collision\TimerCustom.h(18,54): warning C4018: '>=': signed/unsigned mismatch
C:\Users\admin\Desktop\GameConvert\game_mario\04-Collision\Goomba.cpp(29,27): warning C4244: '+=': conversion from 'double' to 'float', possible loss of data
C:\Users\admin\Desktop\GameConvert\game_mario\04-Collision\Goomba.cpp(143,13): warning C4305: '=': truncation from 'double' to 'float'
  main.cpp
C:\Users\admin\Desktop\GameConvert\game_mario\04-Collision\TimerCustom.h(18,54): warning C4018: '>=': signed/unsigned mismatch
C:\Users\admin\Desktop\GameConvert\game_mario\04-Collision\Coin.h(4,1): warning C4005: 'CONCO_WALKING_SPEED': macro redefinition
C:\Users\admin\Desktop\GameConvert\game_mario\04-Collision\ConCo.h(4): message : see previous definition of 'CONCO_WALKING_SPEED'
C:\Users\admin\Desktop\GameConvert\game_mario\04-Collision\Coin.h(21,1): warning C4005: 'CONCO_ANI_DIE': macro redefinition
C:\Users\admin\Desktop\GameConvert\game_mario\04-Collision\ConCo.h(27): message : see previous definition of 'CONCO_ANI_DIE'
C:\Users\admin\Desktop\GameConvert\game_mario\04-Collision\CoinFly.h(4,1): warning C4005: 'GOOMBA_WALKING_SPEED': macro redefinition
C:\Users\admin\Desktop\GameConvert\game_mario\04-Collision\Goomba.h(4): message : see previous definition of 'GOOMBA_WALKING_SPEED'
C:\Users\admin\Desktop\GameConvert\game_mario\04-Collision\BrickBlink.h(4,1): warning C4005: 'BRICK_BBOX_WIDTH': macro redefinition
C:\Users\admin\Desktop\GameConvert\game_mario\04-Collision\Brick.h(4): message : see previous definition of 'BRICK_BBOX_WIDTH'
C:\Users\admin\Desktop\GameConvert\game_mario\04-Collision\BrickBlink.h(5,1): warning C4005: 'BRICK_BBOX_HEIGHT': macro redefinition
C:\Users\admin\Desktop\GameConvert\game_mario\04-Collision\Brick.h(5): message : see previous definition of 'BRICK_BBOX_HEIGHT'
C:\Users\admin\Desktop\GameConvert\game_mario\04-Collision\OngNuoc.h(4,1): warning C4005: 'BRICK_BBOX_WIDTH': macro redefinition
C:\Users\admin\Desktop\GameConvert\game_mario\04-Collision\BrickBlink.h(4): message : see previous definition of 'BRICK_BBOX_WIDTH'
C:\Users\admin\Desktop\GameConvert\game_mario\04-Collision\OngNuoc.h(5,1): warning C4005: 'BRICK_BBOX_HEIGHT': macro redefinition
C:\Users\admin\Desktop\GameConvert\game_mario\04-Collision\BrickBlink.h(5): message : see previous definition of 'BRICK_BBOX_HEIGHT'
C:\Users\admin\Desktop\GameConvert\game_mario\04-Collision\Flatform.h(3,1): warning C4005: 'BRICK_BBOX_WIDTH': macro redefinition
C:\Users\admin\Desktop\GameConvert\game_mario\04-Collision\OngNuoc.h(4): message : see previous definition of 'BRICK_BBOX_WIDTH'
C:\Users\admin\Desktop\GameConvert\game_mario\04-Collision\main.cpp(1707,20): warning C4018: '<': signed/unsigned mismatch
C:\Users\admin\Desktop\GameConvert\game_mario\04-Collision\main.cpp(1712,20): warning C4018: '<': signed/unsigned mismatch
C:\Users\admin\Desktop\GameConvert\game_mario\04-Collision\main.cpp(1764,21): warning C4018: '<': signed/unsigned mismatch
  Map.cpp
C:\Users\admin\Desktop\GameConvert\game_mario\04-Collision\TimerCustom.h(18,54): warning C4018: '>=': signed/unsigned mismatch
C:\Users\admin\Desktop\GameConvert\game_mario\04-Collision\Map.cpp(37,21): warning C4018: '<': signed/unsigned mismatch
C:\Users\admin\Desktop\GameConvert\game_mario\04-Collision\Map.cpp(39,22): warning C4018: '<': signed/unsigned mismatch
C:\Users\admin\Desktop\GameConvert\game_mario\04-Collision\Map.cpp(75,29): warning C4154: deletion of an array expression; conversion to pointer supplied
C:\Users\admin\Desktop\GameConvert\game_mario\04-Collision\Map.cpp(79,25): warning C4154: deletion of an array expression; conversion to pointer supplied
C:\Users\admin\Desktop\GameConvert\game_mario\04-Collision\Map.cpp(204,16): warning C4244: 'initializing': conversion from 'float' to 'int', possible loss of data
C:\Users\admin\Desktop\GameConvert\game_mario\04-Collision\Map.cpp(205,14): warning C4244: 'initializing': conversion from 'float' to 'int', possible loss of data
C:\Users\admin\Desktop\GameConvert\game_mario\04-Collision\Map.cpp(207,19): warning C4244: 'initializing': conversion from 'float' to 'int', possible loss of data
C:\Users\admin\Desktop\GameConvert\game_mario\04-Collision\Map.cpp(208,17): warning C4244: 'initializing': conversion from 'float' to 'int', possible loss of data
C:\Users\admin\Desktop\GameConvert\game_mario\04-Collision\Map.cpp(221,67): warning C4244: 'argument': conversion from 'int' to 'float', possible loss of data
C:\Users\admin\Desktop\GameConvert\game_mario\04-Collision\Map.cpp(221,54): warning C4244: 'argument': conversion from 'int' to 'float', possible loss of data
  Mario.cpp
C:\Users\admin\Desktop\GameConvert\game_mario\04-Collision\TimerCustom.h(18,54): warning C4018: '>=': signed/unsigned mismatch
C:\Users\admin\Desktop\GameConvert\game_mario\04-Collision\Coin.h(4,1): warning C4005: 'CONCO_WALKING_SPEED': macro redefinition
C:\Users\admin\Desktop\GameConvert\game_mario\04-Collision\ConCo.h(4): message : see previous definition of 'CONCO_WALKING_SPEED'
C:\Users\admin\Desktop\GameConvert\game_mario\04-Collision\Coin.h(21,1): warning C4005: 'CONCO_ANI_DIE': macro redefinition
C:\Users\admin\Desktop\GameConvert\game_mario\04-Collision\ConCo.h(27): message : see previous definition of 'CONCO_ANI_DIE'
C:\Users\admin\Desktop\GameConvert\game_mario\04-Collision\CoinFly.h(4,1): warning C4005: 'GOOMBA_WALKING_SPEED': macro redefinition
C:\Users\admin\Desktop\GameConvert\game_mario\04-Collision\Goomba.h(4): message : see previous definition of 'GOOMBA_WALKING_SPEED'
C:\Users\admin\Desktop\GameConvert\game_mario\04-Collision\Mario.cpp(105,13): warning C4305: '=': truncation from 'double' to 'float'
C:\Users\admin\Desktop\GameConvert\game_mario\04-Collision\Mario.cpp(112,14): warning C4305: '=': truncation from 'double' to 'float'
C:\Users\admin\Desktop\GameConvert\game_mario\04-Collision\Mario.cpp(126,27): warning C4244: '+=': conversion from 'double' to 'float', possible loss of data
C:\Users\admin\Desktop\GameConvert\game_mario\04-Collision\Mario.cpp(672,12): warning C4244: '=': conversion from 'double' to 'float', possible loss of data
  MarioBullet.cpp
C:\Users\admin\Desktop\GameConvert\game_mario\04-Collision\TimerCustom.h(18,54): warning C4018: '>=': signed/unsigned mismatch
C:\Users\admin\Desktop\GameConvert\game_mario\04-Collision\MarioBullet.cpp(36,34): warning C4244: '+=': conversion from 'double' to 'float', possible loss of data
  Mushroom.cpp
C:\Users\admin\Desktop\GameConvert\game_mario\04-Collision\TimerCustom.h(18,54): warning C4018: '>=': signed/unsigned mismatch
C:\Users\admin\Desktop\GameConvert\game_mario\04-Collision\Mushroom.cpp(35,19): warning C4244: '+=': conversion from 'double' to 'float', possible loss of data
  OngNuoc.cpp
C:\Users\admin\Desktop\GameConvert\game_mario\04-Collision\TimerCustom.h(18,54): warning C4018: '>=': signed/unsigned mismatch
  Plant.cpp
C:\Users\admin\Desktop\GameConvert\game_mario\04-Collision\TimerCustom.h(18,54): warning C4018: '>=': signed/unsigned mismatch
  Sprites.cpp
C:\Users\admin\Desktop\GameConvert\game_mario\04-Collision\TimerCustom.h(18,54): warning C4018: '>=': signed/unsigned mismatch
  Generating Code...
  Compiling...
  Textures.cpp
  TimerCustom.cpp
C:\Users\admin\Desktop\GameConvert\game_mario\04-Collision\TimerCustom.h(18,54): warning C4018: '>=': signed/unsigned mismatch
  Generating Code...
  04-Collision.vcxproj -> C:\Users\admin\Desktop\GameConvert\game_mario\Debug\mario.exe
