c:\users\admin\desktop\gameconvert\game_mario\04-collision\debug\vc142.pdb
c:\users\admin\desktop\gameconvert\game_mario\04-collision\debug\vc142.idb
c:\users\admin\desktop\gameconvert\game_mario\04-collision\debug\sprites.obj
c:\users\admin\desktop\gameconvert\game_mario\04-collision\debug\plant.obj
c:\users\admin\desktop\gameconvert\game_mario\04-collision\debug\ongnuoc.obj
c:\users\admin\desktop\gameconvert\game_mario\04-collision\debug\mushroom.obj
c:\users\admin\desktop\gameconvert\game_mario\04-collision\debug\mariobullet.obj
c:\users\admin\desktop\gameconvert\game_mario\04-collision\debug\mario.obj
c:\users\admin\desktop\gameconvert\game_mario\04-collision\debug\map.obj
c:\users\admin\desktop\gameconvert\game_mario\04-collision\debug\main.obj
c:\users\admin\desktop\gameconvert\game_mario\04-collision\debug\goomba.obj
c:\users\admin\desktop\gameconvert\game_mario\04-collision\debug\gameobject.obj
c:\users\admin\desktop\gameconvert\game_mario\04-collision\debug\game.obj
c:\users\admin\desktop\gameconvert\game_mario\04-collision\debug\flatform.obj
c:\users\admin\desktop\gameconvert\game_mario\04-collision\debug\fireplant.obj
c:\users\admin\desktop\gameconvert\game_mario\04-collision\debug\debug.obj
c:\users\admin\desktop\gameconvert\game_mario\04-collision\debug\conco.obj
c:\users\admin\desktop\gameconvert\game_mario\04-collision\debug\coinfly.obj
c:\users\admin\desktop\gameconvert\game_mario\04-collision\debug\coin.obj
c:\users\admin\desktop\gameconvert\game_mario\04-collision\debug\brick_coin.obj
c:\users\admin\desktop\gameconvert\game_mario\04-collision\debug\brickblink.obj
c:\users\admin\desktop\gameconvert\game_mario\04-collision\debug\brick.obj
c:\users\admin\desktop\gameconvert\game_mario\04-collision\debug\timercustom.obj
c:\users\admin\desktop\gameconvert\game_mario\04-collision\debug\textures.obj
c:\users\admin\desktop\gameconvert - copy\game_mario\mario\debug\vc142.pdb
c:\users\admin\desktop\gameconvert - copy\game_mario\mario\debug\vc142.idb
c:\users\admin\desktop\gameconvert - copy\game_mario\mario\debug\sprites.obj
c:\users\admin\desktop\gameconvert - copy\game_mario\mario\debug\plant.obj
c:\users\admin\desktop\gameconvert - copy\game_mario\mario\debug\ongnuoc.obj
c:\users\admin\desktop\gameconvert - copy\game_mario\mario\debug\mushroom.obj
c:\users\admin\desktop\gameconvert - copy\game_mario\mario\debug\mariobullet.obj
c:\users\admin\desktop\gameconvert - copy\game_mario\mario\debug\mario.obj
c:\users\admin\desktop\gameconvert - copy\game_mario\mario\debug\map.obj
c:\users\admin\desktop\gameconvert - copy\game_mario\mario\debug\main.obj
c:\users\admin\desktop\gameconvert - copy\game_mario\mario\debug\goomba.obj
c:\users\admin\desktop\gameconvert - copy\game_mario\mario\debug\gameobject.obj
c:\users\admin\desktop\gameconvert - copy\game_mario\mario\debug\game.obj
c:\users\admin\desktop\gameconvert - copy\game_mario\mario\debug\flatform.obj
c:\users\admin\desktop\gameconvert - copy\game_mario\mario\debug\fireplant.obj
c:\users\admin\desktop\gameconvert - copy\game_mario\mario\debug\debug.obj
c:\users\admin\desktop\gameconvert - copy\game_mario\mario\debug\conco.obj
c:\users\admin\desktop\gameconvert - copy\game_mario\mario\debug\coinfly.obj
c:\users\admin\desktop\gameconvert - copy\game_mario\mario\debug\coin.obj
c:\users\admin\desktop\gameconvert - copy\game_mario\mario\debug\brick_coin.obj
c:\users\admin\desktop\gameconvert - copy\game_mario\mario\debug\brickblink.obj
c:\users\admin\desktop\gameconvert - copy\game_mario\mario\debug\brick.obj
c:\users\admin\desktop\gameconvert - copy\game_mario\mario\debug\timercustom.obj
c:\users\admin\desktop\gameconvert - copy\game_mario\mario\debug\textures.obj
c:\users\admin\desktop\gameconvert\game_mario\debug\mario.ilk
c:\users\admin\desktop\gameconvert\game_mario\debug\mario.exe
c:\users\admin\desktop\gameconvert\game_mario\debug\mario.pdb
c:\users\admin\desktop\gameconvert - copy\game_mario\debug\mario.exe
c:\users\admin\desktop\gameconvert - copy\game_mario\debug\mario.ilk
c:\users\admin\desktop\gameconvert - copy\game_mario\debug\mario.pdb
c:\users\admin\desktop\gameconvert\game_mario\04-collision\debug\04-collision.res
c:\users\admin\desktop\gameconvert - copy\game_mario\mario\debug\04-collision.res
c:\users\admin\desktop\gameconvert - copy\game_mario\mario\debug\mario.tlog\cl.command.1.tlog
c:\users\admin\desktop\gameconvert - copy\game_mario\mario\debug\mario.tlog\cl.read.1.tlog
c:\users\admin\desktop\gameconvert - copy\game_mario\mario\debug\mario.tlog\cl.write.1.tlog
c:\users\admin\desktop\gameconvert - copy\game_mario\mario\debug\mario.tlog\link.command.1.tlog
c:\users\admin\desktop\gameconvert - copy\game_mario\mario\debug\mario.tlog\link.read.1.tlog
c:\users\admin\desktop\gameconvert - copy\game_mario\mario\debug\mario.tlog\link.write.1.tlog
c:\users\admin\desktop\gameconvert - copy\game_mario\mario\debug\mario.tlog\rc.command.1.tlog
c:\users\admin\desktop\gameconvert - copy\game_mario\mario\debug\mario.tlog\rc.read.1.tlog
c:\users\admin\desktop\gameconvert - copy\game_mario\mario\debug\mario.tlog\rc.write.1.tlog
