c:\users\admin\desktop\gamemap\game_mario\05-scencemanager\debug\vc142.pdb
c:\users\admin\desktop\gamemap\game_mario\05-scencemanager\debug\vc142.idb
c:\users\admin\desktop\gamemap\game_mario\05-scencemanager\debug\textures.obj
c:\users\admin\desktop\gamemap\game_mario\05-scencemanager\debug\sprites.obj
c:\users\admin\desktop\gamemap\game_mario\05-scencemanager\debug\scence.obj
c:\users\admin\desktop\gamemap\game_mario\05-scencemanager\debug\playscence.obj
c:\users\admin\desktop\gamemap\game_mario\05-scencemanager\debug\mario.obj
c:\users\admin\desktop\gamemap\game_mario\05-scencemanager\debug\main.obj
c:\users\admin\desktop\gamemap\game_mario\05-scencemanager\debug\goomba.obj
c:\users\admin\desktop\gamemap\game_mario\05-scencemanager\debug\gameobject.obj
c:\users\admin\desktop\gamemap\game_mario\05-scencemanager\debug\game.obj
c:\users\admin\desktop\gamemap\game_mario\05-scencemanager\debug\utils.obj
c:\users\admin\desktop\gamemap\game_mario\05-scencemanager\debug\portal.obj
c:\users\admin\desktop\gamemap\game_mario\05-scencemanager\debug\koopas.obj
c:\users\admin\desktop\gamemap\game_mario\05-scencemanager\debug\brick.obj
c:\users\admin\desktop\gamemap\game_mario\05-scencemanager\debug\animations.obj
c:\users\admin\desktop\gamemap\game_mario\debug\05-scencemanager.ilk
c:\users\admin\desktop\gamemap\game_mario\debug\05-scencemanager.exe
c:\users\admin\desktop\gamemap\game_mario\debug\05-scencemanager.pdb
c:\users\admin\desktop\gamemap\game_mario\05-scencemanager\debug\05-scencemanager.tlog\cl.command.1.tlog
c:\users\admin\desktop\gamemap\game_mario\05-scencemanager\debug\05-scencemanager.tlog\cl.read.1.tlog
c:\users\admin\desktop\gamemap\game_mario\05-scencemanager\debug\05-scencemanager.tlog\cl.write.1.tlog
c:\users\admin\desktop\gamemap\game_mario\05-scencemanager\debug\05-scencemanager.tlog\link.command.1.tlog
c:\users\admin\desktop\gamemap\game_mario\05-scencemanager\debug\05-scencemanager.tlog\link.read.1.tlog
c:\users\admin\desktop\gamemap\game_mario\05-scencemanager\debug\05-scencemanager.tlog\link.write.1.tlog
